*** Creating report for models [871, 585]
	 120 experiments found
	 OverwriteSavedPDFfile = True
	 RemoveEmptyPDFfile =  False
	 IncludeSootTargets =  False

*** Plotting ignition delay measurement for fuel C5H6
	 Target: ignition delay measurement - 3 executions found. ID-experiments:
		813
		WARNING: exp 813 has no simulations with model 585
		818
		WARNING: exp 818 has no simulations with model 585
		819
		WARNING: exp 819 has no simulations with model 585

|********************************************|
          bears are not dangerous
|********************************************|

*** Plotting ignition delay measurement for fuel C6H6
	 Target: ignition delay measurement - 10 executions found. ID-experiments:
		608
		612
		613
		606
		611
		614
		607
		677
		609
		610

|********************************************|
             bebi camomi, camon
|********************************************|

*** Plotting ignition delay measurement for fuel C7H8
	 Target: ignition delay measurement - 12 executions found. ID-experiments:
		3182
		3180
		3178
		3185
		3179
		3183
		3176
		1729
		3184
		3177
		3181
		1706

|********************************************|
       prova a ricompilare in python
|********************************************|
*** Creating report for models [871, 585]
	 148 experiments found
	 OverwriteSavedPDFfile = True
	 RemoveEmptyPDFfile =  False
	 IncludeSootTargets =  False

*** Plotting ignition delay measurement for fuel C5H6
	 Target: ignition delay measurement - 3 executions found. ID-experiments:
		813
		818
		819

|********************************************|
     do you live close to panda region?
|********************************************|

*** Plotting ignition delay measurement for fuel C6H6
	 Target: ignition delay measurement - 10 executions found. ID-experiments:
		608
		612
		613
		606
		611
		614
		607
		677
		609
		610

|********************************************|
                   puuuuh
|********************************************|

*** Plotting ignition delay measurement for fuel C7H8
	 Target: ignition delay measurement - 12 executions found. ID-experiments:
		3182
		3180
		3178
		3185
		3179
		3183
		3176
		1729
		3184
		3177
		3181
		1706

|********************************************|
               Sede Mancinelli
|********************************************|
*** Creating report for models [871, 585]
	 148 experiments found
	 OverwriteSavedPDFfile = True
	 RemoveEmptyPDFfile =  False
	 IncludeSootTargets =  False

*** Plotting ignition delay measurement for fuel O-XYLENE
	 Target: ignition delay measurement - 8 executions found. ID-experiments:
		4217
		4221
		4209
		4224
		4227
		4230
		4215
		4212

|********************************************|
                 MANCINELLI
|********************************************|

*** Plotting ignition delay measurement for fuel M-XYLENE
	 Target: ignition delay measurement - 8 executions found. ID-experiments:
		4219
		4228
		4213
		4222
		4210
		4231
		4225
		4216

|********************************************|
      tomahawk. - Sono 100 euro, grazie
|********************************************|

*** Plotting ignition delay measurement for fuel P-XYLENE
	 Target: ignition delay measurement - 7 executions found. ID-experiments:
		4223
		4214
		4220
		4226
		4232
		4211
		4229

|********************************************|
             is radiation true?
|********************************************|

*** Plotting ignition delay measurement for fuel C6H5OH
	 Target: ignition delay measurement - 2 executions found. ID-experiments:
		4195
		4194

|********************************************|
scappa alla trappola, la pornografia uccide
|********************************************|
